0 info it worked if it ends with ok
1 verbose cli [ '/usr/local/Cellar/node/7.6.0/bin/node',
1 verbose cli   '/usr/local/bin/npm',
1 verbose cli   'run',
1 verbose cli   'lint' ]
2 info using npm@4.1.2
3 info using node@v7.6.0
4 verbose run-script [ 'prelint', 'lint', 'postlint' ]
5 info lifecycle skrt@1.0.0~prelint: skrt@1.0.0
6 silly lifecycle skrt@1.0.0~prelint: no script for prelint, continuing
7 info lifecycle skrt@1.0.0~lint: skrt@1.0.0
8 verbose lifecycle skrt@1.0.0~lint: unsafe-perm in lifecycle true
9 verbose lifecycle skrt@1.0.0~lint: PATH: /usr/local/lib/node_modules/npm/bin/node-gyp-bin:/Users/nicolaslegorrec/Desktop/School/Junior2016-2017/SecondSemester/cmsi488/SKRT/node_modules/.bin:/Users/nicolaslegorrec/.opam/system/bin:/Users/nicolaslegorrec/.rvm/gems/ruby-2.3.0/bin:/Users/nicolaslegorrec/.rvm/gems/ruby-2.3.0@global/bin:/Users/nicolaslegorrec/.rvm/rubies/ruby-2.3.0/bin:/Users/nicolaslegorrec/.rbenv/shims:/Library/Frameworks/Python.framework/Versions/3.4/bin:/Library/Frameworks/Python.framework/Versions/3.4/bin:/usr/local/bin:/usr/bin:/bin:/usr/sbin:/sbin:/usr/local/mongodb/bin:/Users/nicolaslegorrec/.rvm/bin
10 verbose lifecycle skrt@1.0.0~lint: CWD: /Users/nicolaslegorrec/Desktop/School/Junior2016-2017/SecondSemester/cmsi488/SKRT
11 silly lifecycle skrt@1.0.0~lint: Args: [ '-c', 'eslint **/*.js' ]
12 silly lifecycle skrt@1.0.0~lint: Returned: code: 1  signal: null
13 info lifecycle skrt@1.0.0~lint: Failed to exec lint script
14 verbose stack Error: skrt@1.0.0 lint: `eslint **/*.js`
14 verbose stack Exit status 1
14 verbose stack     at EventEmitter.<anonymous> (/usr/local/lib/node_modules/npm/lib/utils/lifecycle.js:279:16)
14 verbose stack     at emitTwo (events.js:106:13)
14 verbose stack     at EventEmitter.emit (events.js:192:7)
14 verbose stack     at ChildProcess.<anonymous> (/usr/local/lib/node_modules/npm/lib/utils/spawn.js:40:14)
14 verbose stack     at emitTwo (events.js:106:13)
14 verbose stack     at ChildProcess.emit (events.js:192:7)
14 verbose stack     at maybeClose (internal/child_process.js:890:16)
14 verbose stack     at Process.ChildProcess._handle.onexit (internal/child_process.js:226:5)
15 verbose pkgid skrt@1.0.0
16 verbose cwd /Users/nicolaslegorrec/Desktop/School/Junior2016-2017/SecondSemester/cmsi488/SKRT
17 error Darwin 16.4.0
18 error argv "/usr/local/Cellar/node/7.6.0/bin/node" "/usr/local/bin/npm" "run" "lint"
19 error node v7.6.0
20 error npm  v4.1.2
21 error code ELIFECYCLE
22 error skrt@1.0.0 lint: `eslint **/*.js`
22 error Exit status 1
23 error Failed at the skrt@1.0.0 lint script 'eslint **/*.js'.
23 error Make sure you have the latest version of node.js and npm installed.
23 error If you do, this is most likely a problem with the skrt package,
23 error not with npm itself.
23 error Tell the author that this fails on your system:
23 error     eslint **/*.js
23 error You can get information on how to open an issue for this project with:
23 error     npm bugs skrt
23 error Or if that isn't available, you can get their info via:
23 error     npm owner ls skrt
23 error There is likely additional logging output above.
24 verbose exit [ 1, true ]
